This is pdfTeX, Version 3.14159265-2.6-1.40.18 (MiKTeX 2.9.6600 64-bit) (preloaded format=pdflatex 2018.3.5)  13 AUG 2018 06:26
entering extended mode
**./influenzaMarkov_manuscript.tex
(influenzaMarkov_manuscript.tex
LaTeX2e <2017-04-15>
Babel <3.18> and hyphenation patterns for 75 language(s) loaded.
("C:\Users\jonat\AppData\Local\Programs\MiKTeX 2.9\tex\latex\base\article.cls"
Document Class: article 2014/09/29 v1.4h Standard LaTeX document class
("C:\Users\jonat\AppData\Local\Programs\MiKTeX 2.9\tex\latex\base\size12.clo"
File: size12.clo 2014/09/29 v1.4h Standard LaTeX file (size option)
)
\c@part=\count79
\c@section=\count80
\c@subsection=\count81
\c@subsubsection=\count82
\c@paragraph=\count83
\c@subparagraph=\count84
\c@figure=\count85
\c@table=\count86
\abovecaptionskip=\skip41
\belowcaptionskip=\skip42
\bibindent=\dimen102
) ("C:\Users\jonat\AppData\Local\Programs\MiKTeX 2.9\tex\latex\natbib\natbib.st
y"
Package: natbib 2010/09/13 8.31b (PWD, AO)
\bibhang=\skip43
\bibsep=\skip44
LaTeX Info: Redefining \cite on input line 694.
\c@NAT@ctr=\count87
)
("C:\Users\jonat\AppData\Local\Programs\MiKTeX 2.9\tex\latex\etoolbox\etoolbox.
sty"
Package: etoolbox 2018/02/11 v2.5e e-TeX tools for LaTeX (JAW)
\etb@tempcnta=\count88
)
("C:\Users\jonat\AppData\Local\Programs\MiKTeX 2.9\tex\latex\lineno\lineno.sty"
Package: lineno 2005/11/02 line numbers on paragraphs v4.41
\linenopenalty=\count89
\output=\toks14
\linenoprevgraf=\count90
\linenumbersep=\dimen103
\linenumberwidth=\dimen104
\c@linenumber=\count91
\c@pagewiselinenumber=\count92
\c@LN@truepage=\count93
\c@internallinenumber=\count94
\c@internallinenumbers=\count95
\quotelinenumbersep=\dimen105
\bframerule=\dimen106
\bframesep=\dimen107
\bframebox=\box26
LaTeX Info: Redefining \\ on input line 3056.
) ("C:\Users\jonat\AppData\Local\Programs\MiKTeX 2.9\tex\latex\psnfss\times.sty
"
Package: times 2005/04/12 PSNFSS-v9.2a (SPQR) 
)
("C:\Users\jonat\AppData\Local\Programs\MiKTeX 2.9\tex\latex\amsfonts\amssymb.s
ty"
Package: amssymb 2013/01/14 v3.01 AMS font symbols

("C:\Users\jonat\AppData\Local\Programs\MiKTeX 2.9\tex\latex\amsfonts\amsfonts.
sty"
Package: amsfonts 2013/01/14 v3.01 Basic AMSFonts support
\@emptytoks=\toks15
\symAMSa=\mathgroup4
\symAMSb=\mathgroup5
LaTeX Font Info:    Overwriting math alphabet `\mathfrak' in version `bold'
(Font)                  U/euf/m/n --> U/euf/b/n on input line 106.
))
("C:\Users\jonat\AppData\Local\Programs\MiKTeX 2.9\tex\latex\amsmath\amsmath.st
y"
Package: amsmath 2017/09/02 v2.17a AMS math features
\@mathmargin=\skip45

For additional information on amsmath, use the `?' option.

("C:\Users\jonat\AppData\Local\Programs\MiKTeX 2.9\tex\latex\amsmath\amstext.st
y"
Package: amstext 2000/06/29 v2.01 AMS text

("C:\Users\jonat\AppData\Local\Programs\MiKTeX 2.9\tex\latex\amsmath\amsgen.sty
"
File: amsgen.sty 1999/11/30 v2.0 generic functions
\@emptytoks=\toks16
\ex@=\dimen108
))
("C:\Users\jonat\AppData\Local\Programs\MiKTeX 2.9\tex\latex\amsmath\amsbsy.sty
"
Package: amsbsy 1999/11/29 v1.2d Bold Symbols
\pmbraise@=\dimen109
)
("C:\Users\jonat\AppData\Local\Programs\MiKTeX 2.9\tex\latex\amsmath\amsopn.sty
"
Package: amsopn 2016/03/08 v2.02 operator names
)
\inf@bad=\count96
LaTeX Info: Redefining \frac on input line 213.
\uproot@=\count97
\leftroot@=\count98
LaTeX Info: Redefining \overline on input line 375.
\classnum@=\count99
\DOTSCASE@=\count100
LaTeX Info: Redefining \ldots on input line 472.
LaTeX Info: Redefining \dots on input line 475.
LaTeX Info: Redefining \cdots on input line 596.
\Mathstrutbox@=\box27
\strutbox@=\box28
\big@size=\dimen110
LaTeX Font Info:    Redeclaring font encoding OML on input line 712.
LaTeX Font Info:    Redeclaring font encoding OMS on input line 713.
\macc@depth=\count101
\c@MaxMatrixCols=\count102
\dotsspace@=\muskip10
\c@parentequation=\count103
\dspbrk@lvl=\count104
\tag@help=\toks17
\row@=\count105
\column@=\count106
\maxfields@=\count107
\andhelp@=\toks18
\eqnshift@=\dimen111
\alignsep@=\dimen112
\tagshift@=\dimen113
\tagwidth@=\dimen114
\totwidth@=\dimen115
\lineht@=\dimen116
\@envbody=\toks19
\multlinegap=\skip46
\multlinetaggap=\skip47
\mathdisplay@stack=\toks20
LaTeX Info: Redefining \[ on input line 2817.
LaTeX Info: Redefining \] on input line 2818.
)
("C:\Users\jonat\AppData\Local\Programs\MiKTeX 2.9\tex\latex\adjustbox\adjustbo
x.sty"
Package: adjustbox 2018/04/08 v1.1 Adjusting TeX boxes (trim, clip, ...)

("C:\Users\jonat\AppData\Local\Programs\MiKTeX 2.9\tex\latex\xkeyval\xkeyval.st
y"
Package: xkeyval 2014/12/03 v2.7a package option processing (HA)

("C:\Users\jonat\AppData\Local\Programs\MiKTeX 2.9\tex\generic\xkeyval\xkeyval.
tex"
("C:\Users\jonat\AppData\Local\Programs\MiKTeX 2.9\tex\generic\xkeyval\xkvutils
.tex"
\XKV@toks=\toks21
\XKV@tempa@toks=\toks22

("C:\Users\jonat\AppData\Local\Programs\MiKTeX 2.9\tex\generic\xkeyval\keyval.t
ex"))
\XKV@depth=\count108
File: xkeyval.tex 2014/12/03 v2.7a key=value parser (HA)
))
("C:\Users\jonat\AppData\Local\Programs\MiKTeX 2.9\tex\latex\adjustbox\adjcalc.
sty"
Package: adjcalc 2012/05/16 v1.1 Provides advanced setlength with multiple back
-ends (calc, etex, pgfmath)
)
("C:\Users\jonat\AppData\Local\Programs\MiKTeX 2.9\tex\latex\adjustbox\trimclip
.sty"
Package: trimclip 2018/04/08 v1.1 Trim and clip general TeX material

("C:\Users\jonat\AppData\Local\Programs\MiKTeX 2.9\tex\latex\graphics\graphicx.
sty"
Package: graphicx 2017/06/01 v1.1a Enhanced LaTeX Graphics (DPC,SPQR)

("C:\Users\jonat\AppData\Local\Programs\MiKTeX 2.9\tex\latex\graphics\graphics.
sty"
Package: graphics 2017/06/25 v1.2c Standard LaTeX Graphics (DPC,SPQR)

("C:\Users\jonat\AppData\Local\Programs\MiKTeX 2.9\tex\latex\graphics\trig.sty"
Package: trig 2016/01/03 v1.10 sin cos tan (DPC)
)
("C:\Users\jonat\AppData\Local\Programs\MiKTeX 2.9\tex\latex\graphics-cfg\graph
ics.cfg"
File: graphics.cfg 2016/06/04 v1.11 sample graphics configuration
)
Package graphics Info: Driver file: pdftex.def on input line 99.

("C:\Users\jonat\AppData\Local\Programs\MiKTeX 2.9\tex\latex\graphics-def\pdfte
x.def"
File: pdftex.def 2018/01/08 v1.0l Graphics/color driver for pdftex
))
\Gin@req@height=\dimen117
\Gin@req@width=\dimen118
)
("C:\Users\jonat\AppData\Local\Programs\MiKTeX 2.9\tex\latex\collectbox\collect
box.sty"
Package: collectbox 2012/05/17 v0.4b Collect macro arguments as boxes
\collectedbox=\box29
)
\tc@llx=\dimen119
\tc@lly=\dimen120
\tc@urx=\dimen121
\tc@ury=\dimen122
Package trimclip Info: Using driver 'tc-pdftex.def'.

("C:\Users\jonat\AppData\Local\Programs\MiKTeX 2.9\tex\latex\adjustbox\tc-pdfte
x.def"
File: tc-pdftex.def 2018/04/08 v2.1 Clipping driver for pdftex
))
\adjbox@Width=\dimen123
\adjbox@Height=\dimen124
\adjbox@Depth=\dimen125
\adjbox@Totalheight=\dimen126
\adjbox@pwidth=\dimen127
\adjbox@pheight=\dimen128
\adjbox@pdepth=\dimen129
\adjbox@ptotalheight=\dimen130

("C:\Users\jonat\AppData\Local\Programs\MiKTeX 2.9\tex\latex\ifoddpage\ifoddpag
e.sty"
Package: ifoddpage 2016/04/23 v1.1 Conditionals for odd/even page detection
\c@checkoddpage=\count109
)
("C:\Users\jonat\AppData\Local\Programs\MiKTeX 2.9\tex\latex\ltxmisc\varwidth.s
ty"
Package: varwidth 2009/03/30 ver 0.92;  Variable-width minipages
\@vwid@box=\box30
\sift@deathcycles=\count110
\@vwid@loff=\dimen131
\@vwid@roff=\dimen132
))
("C:\Users\jonat\AppData\Local\Programs\MiKTeX 2.9\tex\latex\changepage\changep
age.sty"
Package: changepage 2009/10/20 v1.0c check page and change page layout
\c@cp@cntr=\count111
\cp@tempcnt=\count112
LaTeX Info: Redefining \checkoddpage on input line 59.
)
("C:\Users\jonat\AppData\Local\Programs\MiKTeX 2.9\tex\latex\caption\newfloat.s
ty"
Package: newfloat 2018/03/04 v1.1a Defining new floating environments (AR)
)
("C:\Users\jonat\AppData\Local\Programs\MiKTeX 2.9\tex\latex\caption\caption.st
y"
Package: caption 2018/05/01 v3.3-147 Customizing captions (AR)

("C:\Users\jonat\AppData\Local\Programs\MiKTeX 2.9\tex\latex\caption\caption3.s
ty"
Package: caption3 2018/05/27 v1.8a caption3 kernel (AR)
Package caption3 Info: TeX engine: e-TeX on input line 64.
\captionmargin=\dimen133
\captionmargin@=\dimen134
\captionwidth=\dimen135
\caption@tempdima=\dimen136
\caption@indent=\dimen137
\caption@parindent=\dimen138
\caption@hangindent=\dimen139
)
\c@ContinuedFloat=\count113
)
("C:\Users\jonat\AppData\Local\Programs\MiKTeX 2.9\tex\latex\hyperref\nameref.s
ty"
Package: nameref 2016/05/21 v2.44 Cross-referencing by name of section

("C:\Users\jonat\AppData\Local\Programs\MiKTeX 2.9\tex\latex\oberdiek\refcount.
sty"
Package: refcount 2016/05/16 v3.5 Data extraction from label references (HO)

("C:\Users\jonat\AppData\Local\Programs\MiKTeX 2.9\tex\generic\oberdiek\ltxcmds
.sty"
Package: ltxcmds 2016/05/16 v1.23 LaTeX kernel commands for general use (HO)
)
("C:\Users\jonat\AppData\Local\Programs\MiKTeX 2.9\tex\generic\oberdiek\infware
rr.sty"
Package: infwarerr 2016/05/16 v1.4 Providing info/warning/error messages (HO)
))
("C:\Users\jonat\AppData\Local\Programs\MiKTeX 2.9\tex\generic\oberdiek\gettitl
estring.sty"
Package: gettitlestring 2016/05/16 v1.5 Cleanup title references (HO)

("C:\Users\jonat\AppData\Local\Programs\MiKTeX 2.9\tex\latex\oberdiek\kvoptions
.sty"
Package: kvoptions 2016/05/16 v3.12 Key value format for package options (HO)

("C:\Users\jonat\AppData\Local\Programs\MiKTeX 2.9\tex\generic\oberdiek\kvsetke
ys.sty"
Package: kvsetkeys 2016/05/16 v1.17 Key value parser (HO)

("C:\Users\jonat\AppData\Local\Programs\MiKTeX 2.9\tex\generic\oberdiek\etexcmd
s.sty"
Package: etexcmds 2016/05/16 v1.6 Avoid name clashes with e-TeX commands (HO)

("C:\Users\jonat\AppData\Local\Programs\MiKTeX 2.9\tex\generic\oberdiek\ifluate
x.sty"
Package: ifluatex 2016/05/16 v1.4 Provides the ifluatex switch (HO)
Package ifluatex Info: LuaTeX not detected.
)
Package etexcmds Info: Could not find \expanded.
(etexcmds)             That can mean that you are not using pdfTeX 1.50 or
(etexcmds)             that some package has redefined \expanded.
(etexcmds)             In the latter case, load this package earlier.
))))
\c@section@level=\count114
LaTeX Info: Redefining \ref on input line 355.
LaTeX Info: Redefining \pageref on input line 355.
)
("C:\Users\jonat\AppData\Local\Programs\MiKTeX 2.9\tex\latex\graphics\rotating.
sty"
Package: rotating 2016/08/11 v2.16d rotated objects in LaTeX

("C:\Users\jonat\AppData\Local\Programs\MiKTeX 2.9\tex\latex\base\ifthen.sty"
Package: ifthen 2014/09/29 v1.1c Standard LaTeX ifthen package (DPC)
)
\c@r@tfl@t=\count115
\rotFPtop=\skip48
\rotFPbot=\skip49
\rot@float@box=\box31
\rot@mess@toks=\toks23
) ("C:\Users\jonat\AppData\Local\Programs\MiKTeX 2.9\tex\latex\graphics\color.s
ty"
Package: color 2016/07/10 v1.1e Standard LaTeX Color (DPC)

("C:\Users\jonat\AppData\Local\Programs\MiKTeX 2.9\tex\latex\graphics-cfg\color
.cfg"
File: color.cfg 2016/01/02 v1.6 sample color configuration
)
Package color Info: Driver file: pdftex.def on input line 147.
)
("C:\Users\jonat\AppData\Local\Programs\MiKTeX 2.9\tex\latex\float\float.sty"
Package: float 2001/11/08 v1.3d Float enhancements (AL)
\c@float@type=\count116
\float@exts=\toks24
\float@box=\box32
\@float@everytoks=\toks25
\@floatcapt=\box33
)
\@float@every@suppfile=\toks26
\c@suppfile=\count117
\@float@every@suppfig=\toks27
\c@suppfig=\count118
\@float@every@supptable=\toks28
\c@supptable=\count119

("C:\Users\jonat\AppData\Local\Programs\MiKTeX 2.9\tex\latex\hyperref\hyperref.
sty"
Package: hyperref 2018/02/06 v6.86b Hypertext links for LaTeX

("C:\Users\jonat\AppData\Local\Programs\MiKTeX 2.9\tex\generic\oberdiek\hobsub-
hyperref.sty"
Package: hobsub-hyperref 2016/05/16 v1.14 Bundle oberdiek, subset hyperref (HO)


("C:\Users\jonat\AppData\Local\Programs\MiKTeX 2.9\tex\generic\oberdiek\hobsub-
generic.sty"
Package: hobsub-generic 2016/05/16 v1.14 Bundle oberdiek, subset generic (HO)
Package: hobsub 2016/05/16 v1.14 Construct package bundles (HO)
Package hobsub Info: Skipping package `infwarerr' (already loaded).
Package hobsub Info: Skipping package `ltxcmds' (already loaded).
Package hobsub Info: Skipping package `ifluatex' (already loaded).
Package: ifvtex 2016/05/16 v1.6 Detect VTeX and its facilities (HO)
Package ifvtex Info: VTeX not detected.
Package: intcalc 2016/05/16 v1.2 Expandable calculations with integers (HO)
Package: ifpdf 2017/03/15 v3.2 Provides the ifpdf switch
Package hobsub Info: Skipping package `etexcmds' (already loaded).
Package hobsub Info: Skipping package `kvsetkeys' (already loaded).
Package: kvdefinekeys 2016/05/16 v1.4 Define keys (HO)
Package: pdftexcmds 2018/01/21 v0.26 Utility functions of pdfTeX for LuaTeX (HO
)
Package pdftexcmds Info: LuaTeX not detected.
Package pdftexcmds Info: \pdf@primitive is available.
Package pdftexcmds Info: \pdf@ifprimitive is available.
Package pdftexcmds Info: \pdfdraftmode found.
Package: pdfescape 2016/05/16 v1.14 Implements pdfTeX's escape features (HO)
Package: bigintcalc 2016/05/16 v1.4 Expandable calculations on big integers (HO
)
Package: bitset 2016/05/16 v1.2 Handle bit-vector datatype (HO)
Package: uniquecounter 2016/05/16 v1.3 Provide unlimited unique counter (HO)
)
Package hobsub Info: Skipping package `hobsub' (already loaded).
Package: letltxmacro 2016/05/16 v1.5 Let assignment for LaTeX macros (HO)
Package: hopatch 2016/05/16 v1.3 Wrapper for package hooks (HO)
Package: xcolor-patch 2016/05/16 xcolor patch
Package: atveryend 2016/05/16 v1.9 Hooks at the very end of document (HO)
Package: atbegshi 2016/06/09 v1.18 At begin shipout hook (HO)
Package hobsub Info: Skipping package `refcount' (already loaded).
Package: hycolor 2016/05/16 v1.8 Color options for hyperref/bookmark (HO)
)
("C:\Users\jonat\AppData\Local\Programs\MiKTeX 2.9\tex\generic\ifxetex\ifxetex.
sty"
Package: ifxetex 2010/09/12 v0.6 Provides ifxetex conditional
)
("C:\Users\jonat\AppData\Local\Programs\MiKTeX 2.9\tex\latex\oberdiek\auxhook.s
ty"
Package: auxhook 2016/05/16 v1.4 Hooks for auxiliary files (HO)
)
\@linkdim=\dimen140
\Hy@linkcounter=\count120
\Hy@pagecounter=\count121

("C:\Users\jonat\AppData\Local\Programs\MiKTeX 2.9\tex\latex\hyperref\pd1enc.de
f"
File: pd1enc.def 2018/02/06 v6.86b Hyperref: PDFDocEncoding definition (HO)
)
\Hy@SavedSpaceFactor=\count122

("C:\Users\jonat\AppData\Local\Programs\MiKTeX 2.9\tex\latex\00miktex\hyperref.
cfg"
File: hyperref.cfg 2002/06/06 v1.2 hyperref configuration of TeXLive
)
Package hyperref Info: Hyper figures OFF on input line 4509.
Package hyperref Info: Link nesting OFF on input line 4514.
Package hyperref Info: Hyper index ON on input line 4517.
Package hyperref Info: Plain pages OFF on input line 4524.
Package hyperref Info: Backreferencing OFF on input line 4529.
Package hyperref Info: Implicit mode ON; LaTeX internals redefined.
Package hyperref Info: Bookmarks ON on input line 4762.
\c@Hy@tempcnt=\count123
 ("C:\Users\jonat\AppData\Local\Programs\MiKTeX 2.9\tex\latex\url\url.sty"
\Urlmuskip=\muskip11
Package: url 2013/09/16  ver 3.4  Verb mode for urls, etc.
)
LaTeX Info: Redefining \url on input line 5115.
\XeTeXLinkMargin=\dimen141
\Fld@menulength=\count124
\Field@Width=\dimen142
\Fld@charsize=\dimen143
Package hyperref Info: Hyper figures OFF on input line 6369.
Package hyperref Info: Link nesting OFF on input line 6374.
Package hyperref Info: Hyper index ON on input line 6377.
Package hyperref Info: backreferencing OFF on input line 6384.
Package hyperref Info: Link coloring OFF on input line 6389.
Package hyperref Info: Link coloring with OCG OFF on input line 6394.
Package hyperref Info: PDF/A mode OFF on input line 6399.
LaTeX Info: Redefining \ref on input line 6439.
LaTeX Info: Redefining \pageref on input line 6443.
\Hy@abspage=\count125
\c@Item=\count126
\c@Hfootnote=\count127
)
Package hyperref Info: Driver (autodetected): hpdftex.

("C:\Users\jonat\AppData\Local\Programs\MiKTeX 2.9\tex\latex\hyperref\hpdftex.d
ef"
File: hpdftex.def 2018/02/06 v6.86b Hyperref driver for pdfTeX
\Fld@listcount=\count128
\c@bookmark@seq@number=\count129

("C:\Users\jonat\AppData\Local\Programs\MiKTeX 2.9\tex\latex\oberdiek\rerunfile
check.sty"
Package: rerunfilecheck 2016/05/16 v1.8 Rerun checks for auxiliary files (HO)
Package uniquecounter Info: New unique counter `rerunfilecheck' on input line 2
82.
)
\Hy@SectionHShift=\skip50
)
Package hyperref Info: Option `colorlinks' set `true' on input line 82.
Package hyperref Info: Option `colorlinks' set `true' on input line 83.

("C:\Users\jonat\AppData\Local\Programs\MiKTeX 2.9\tex\latex\seqsplit\seqsplit.
sty"
Package: seqsplit 2006/08/07 v0.1 Splitting long sequences (DNA, RNA, proteins,
 etc.) 
)
("C:\Users\jonat\AppData\Local\Programs\MiKTeX 2.9\tex\latex\tools\array.sty"
Package: array 2016/10/06 v2.4d Tabular extension package (FMi)
\col@sep=\dimen144
\extrarowheight=\dimen145
\NC@list=\toks29
\extratabsurround=\skip51
\backup@length=\skip52
)
\Colsep=\skip53

("C:\Users\jonat\AppData\Local\Programs\MiKTeX 2.9\tex\latex\tools\multicol.sty
"
Package: multicol 2017/04/11 v1.8q multicolumn formatting (FMi)
\c@tracingmulticols=\count130
\mult@box=\box34
\multicol@leftmargin=\dimen146
\c@unbalance=\count131
\c@collectmore=\count132
\doublecol@number=\count133
\multicoltolerance=\count134
\multicolpretolerance=\count135
\full@width=\dimen147
\page@free=\dimen148
\premulticols=\dimen149
\postmulticols=\dimen150
\multicolsep=\skip54
\multicolbaselineskip=\skip55
\partial@page=\box35
\last@line=\box36
\maxbalancingoverflow=\dimen151
\mult@rightbox=\box37
\mult@grightbox=\box38
\mult@gfirstbox=\box39
\mult@firstbox=\box40
\@tempa=\box41
\@tempa=\box42
\@tempa=\box43
\@tempa=\box44
\@tempa=\box45
\@tempa=\box46
\@tempa=\box47
\@tempa=\box48
\@tempa=\box49
\@tempa=\box50
\@tempa=\box51
\@tempa=\box52
\@tempa=\box53
\@tempa=\box54
\@tempa=\box55
\@tempa=\box56
\@tempa=\box57
\c@columnbadness=\count136
\c@finalcolumnbadness=\count137
\last@try=\dimen152
\multicolovershoot=\dimen153
\multicolundershoot=\dimen154
\mult@nat@firstbox=\box58
\colbreak@box=\box59
\mc@col@check@num=\count138
)
("C:\Users\jonat\AppData\Local\Programs\MiKTeX 2.9\tex\latex\lipsum\lipsum.sty"
Package: lipsum 2014/07/27 v1.3 150 paragraphs of Lorem Ipsum dummy text
\c@lips@count=\count139
) (influenzaMarkov_manuscript.aux)
\openout1 = `influenzaMarkov_manuscript.aux'.

LaTeX Font Info:    Checking defaults for OML/cmm/m/it on input line 103.
LaTeX Font Info:    ... okay on input line 103.
LaTeX Font Info:    Checking defaults for T1/cmr/m/n on input line 103.
LaTeX Font Info:    ... okay on input line 103.
LaTeX Font Info:    Checking defaults for OT1/cmr/m/n on input line 103.
LaTeX Font Info:    ... okay on input line 103.
LaTeX Font Info:    Checking defaults for OMS/cmsy/m/n on input line 103.
LaTeX Font Info:    ... okay on input line 103.
LaTeX Font Info:    Checking defaults for OMX/cmex/m/n on input line 103.
LaTeX Font Info:    ... okay on input line 103.
LaTeX Font Info:    Checking defaults for U/cmr/m/n on input line 103.
LaTeX Font Info:    ... okay on input line 103.
LaTeX Font Info:    Checking defaults for PD1/pdf/m/n on input line 103.
LaTeX Font Info:    ... okay on input line 103.
LaTeX Font Info:    Try loading font information for OT1+ptm on input line 103.


("C:\Users\jonat\AppData\Local\Programs\MiKTeX 2.9\tex\latex\psnfss\ot1ptm.fd"
File: ot1ptm.fd 2001/06/04 font definitions for OT1/ptm.
)
("C:\Users\jonat\AppData\Local\Programs\MiKTeX 2.9\tex\context\base\supp-pdf.mk
ii"
[Loading MPS to PDF converter (version 2006.09.02).]
\scratchcounter=\count140
\scratchdimen=\dimen155
\scratchbox=\box60
\nofMPsegments=\count141
\nofMParguments=\count142
\everyMPshowfont=\toks30
\MPscratchCnt=\count143
\MPscratchDim=\dimen156
\MPnumerator=\count144
\makeMPintoPDFobject=\count145
\everyMPtoPDFconversion=\toks31
)
("C:\Users\jonat\AppData\Local\Programs\MiKTeX 2.9\tex\latex\oberdiek\epstopdf-
base.sty"
Package: epstopdf-base 2016/05/15 v2.6 Base part for package epstopdf

("C:\Users\jonat\AppData\Local\Programs\MiKTeX 2.9\tex\latex\oberdiek\grfext.st
y"
Package: grfext 2016/05/16 v1.2 Manage graphics extensions (HO)
)
Package epstopdf-base Info: Redefining graphics rule for `.eps' on input line 4
38.
Package grfext Info: Graphics extension search list:
(grfext)             [.pdf,.png,.jpg,.mps,.jpeg,.jbig2,.jb2,.PDF,.PNG,.JPG,.JPE
G,.JBIG2,.JB2,.eps]
(grfext)             \AppendGraphicsExtensions on input line 456.
)
Package caption Info: Begin \AtBeginDocument code.
Package caption Info: float package is loaded.
Package caption Info: hyperref package is loaded.
Package caption Info: rotating package is loaded.
Package caption Info: End \AtBeginDocument code.
\AtBeginShipoutBox=\box61
Package hyperref Info: Link coloring ON on input line 103.
LaTeX Info: Redefining \ref on input line 103.
LaTeX Info: Redefining \pageref on input line 103.
LaTeX Info: Redefining \nameref on input line 103.
 (influenzaMarkov_manuscript.out) (influenzaMarkov_manuscript.out)
\@outlinefile=\write3
\openout3 = `influenzaMarkov_manuscript.out'.

LaTeX Font Info:    Try loading font information for U+msa on input line 105.

("C:\Users\jonat\AppData\Local\Programs\MiKTeX 2.9\tex\latex\amsfonts\umsa.fd"
File: umsa.fd 2013/01/14 v3.01 AMS symbols A
)
LaTeX Font Info:    Try loading font information for U+msb on input line 105.
("C:\Users\jonat\AppData\Local\Programs\MiKTeX 2.9\tex\latex\amsfonts\umsb.fd"
File: umsb.fd 2013/01/14 v3.01 AMS symbols B
)
Underfull \hbox (badness 10000) in paragraph at lines 105--106

 []

LaTeX Font Info:    Font shape `OT1/ptm/bx/n' in size <17.28> not available
(Font)              Font shape `OT1/ptm/b/n' tried instead on input line 107.
[1

{C:/Users/jonat/AppData/Local/MiKTeX/2.9/pdftex/config/pdftex.map}]
Underfull \hbox (badness 10000) in paragraph at lines 122--123
[]\OT1/ptm/m/n/10 When in-dexed by site, we can de-tect
 []

LaTeX Font Info:    Font shape `OT1/ptm/bx/n' in size <14.4> not available
(Font)              Font shape `OT1/ptm/b/n' tried instead on input line 128.

Package multicol Warning: I moved some lines to the next page.
(multicol)                Footnotes on page 2 might be wrong on input line 130.


[2

]
<H1_Human_Subsample_0.png, id=160, 780.516pt x 503.481pt>
File: H1_Human_Subsample_0.png Graphic file (type png)
<use H1_Human_Subsample_0.png>
Package pdftex.def Info: H1_Human_Subsample_0.png  used on input line 139.
(pdftex.def)             Requested size: 208.39566pt x 134.42822pt.


Package caption Warning: The option `hypcap=true' will be ignored for this
(caption)                particular \caption on input line 140.
See the caption package documentation for explanation.

LaTeX Font Info:    Font shape `OT1/ptm/bx/n' in size <12> not available
(Font)              Font shape `OT1/ptm/b/n' tried instead on input line 140.
<H1_Human_Subsample_0_closeUp.png, id=162, 400.49625pt x 197.538pt>
File: H1_Human_Subsample_0_closeUp.png Graphic file (type png)
<use H1_Human_Subsample_0_closeUp.png>
Package pdftex.def Info: H1_Human_Subsample_0_closeUp.png  used on input line 1
45.
(pdftex.def)             Requested size: 208.39566pt x 102.78967pt.

Package caption Warning: The option `hypcap=true' will be ignored for this
(caption)                particular \caption on input line 146.
See the caption package documentation for explanation.


Package multicol Warning: I moved some lines to the next page.
(multicol)                Footnotes on page 3 might be wrong on input line 150.


[3 <./H1_Human_Subsample_0.png>]
<exampleInput.PNG, id=184, 246.32025pt x 96.96225pt>
File: exampleInput.PNG Graphic file (type png)
<use exampleInput.PNG>
Package pdftex.def Info: exampleInput.PNG  used on input line 165.
(pdftex.def)             Requested size: 208.39566pt x 82.0351pt.


Package caption Warning: The option `hypcap=true' will be ignored for this
(caption)                particular \caption on input line 166.
See the caption package documentation for explanation.


Package multicol Warning: I moved some lines to the next page.
(multicol)                Footnotes on page 4 might be wrong on input line 172.


[4 <./H1_Human_Subsample_0_closeUp.png> <./exampleInput.PNG>]
<exampleIntermediate.PNG, id=198, 242.70676pt x 93.34875pt>
File: exampleIntermediate.PNG Graphic file (type png)
<use exampleIntermediate.PNG>
Package pdftex.def Info: exampleIntermediate.PNG  used on input line 175.
(pdftex.def)             Requested size: 208.39566pt x 80.153pt.


Package caption Warning: The option `hypcap=true' will be ignored for this
(caption)                particular \caption on input line 176.
See the caption package documentation for explanation.

LaTeX Font Info:    Try loading font information for OMS+ptm on input line 184.

("C:\Users\jonat\AppData\Local\Programs\MiKTeX 2.9\tex\latex\psnfss\omsptm.fd"
File: omsptm.fd 
)
LaTeX Font Info:    Font shape `OMS/ptm/m/n' in size <10> not available
(Font)              Font shape `OMS/cmsy/m/n' tried instead on input line 184.

Underfull \hbox (badness 10000) in paragraph at lines 200--201

 []

[5 <./exampleIntermediate.PNG>] [6]
<prediction1.jpg, id=220, 310.81154pt x 63.17308pt>
File: prediction1.jpg Graphic file (type jpg)
<use prediction1.jpg>
Package pdftex.def Info: prediction1.jpg  used on input line 250.
(pdftex.def)             Requested size: 208.39566pt x 42.3585pt.


Package caption Warning: The option `hypcap=true' will be ignored for this
(caption)                particular \caption on input line 251.
See the caption package documentation for explanation.

<changeRelative1918.jpg, id=221, 904.13307pt x 434.63077pt>
File: changeRelative1918.jpg Graphic file (type jpg)
<use changeRelative1918.jpg>
Package pdftex.def Info: changeRelative1918.jpg  used on input line 258.
(pdftex.def)             Requested size: 208.39566pt x 100.17519pt.

Package caption Warning: The option `hypcap=true' will be ignored for this
(caption)                particular \caption on input line 259.
See the caption package documentation for explanation.

<sitesretained.JPG, id=222, 920.30539pt x 451.30846pt>
File: sitesretained.JPG Graphic file (type jpg)
<use sitesretained.JPG>
Package pdftex.def Info: sitesretained.JPG  used on input line 264.
(pdftex.def)             Requested size: 208.39566pt x 102.19421pt.

Package caption Warning: The option `hypcap=true' will be ignored for this
(caption)                particular \caption on input line 265.
See the caption package documentation for explanation.

<examplePrediction.PNG, id=225, 310.15875pt x 119.2455pt>
File: examplePrediction.PNG Graphic file (type png)
<use examplePrediction.PNG>
Package pdftex.def Info: examplePrediction.PNG  used on input line 276.
(pdftex.def)             Requested size: 208.39566pt x 80.11967pt.

Package caption Warning: The option `hypcap=true' will be ignored for this
(caption)                particular \caption on input line 277.
See the caption package documentation for explanation.

[7 <./prediction1.jpg> <./changeRelative1918.jpg> <./sitesretained.JPG>]
<2017_actual.PNG, id=235, 312.56775pt x 122.25674pt>
File: 2017_actual.PNG Graphic file (type png)
<use 2017_actual.PNG>
Package pdftex.def Info: 2017_actual.PNG  used on input line 284.
(pdftex.def)             Requested size: 208.39566pt x 81.5105pt.


Package caption Warning: The option `hypcap=true' will be ignored for this
(caption)                particular \caption on input line 285.
See the caption package documentation for explanation.

<subsample_0_viewA.png, id=243, 1606.0pt x 1204.5pt>
File: subsample_0_viewA.png Graphic file (type png)
<use subsample_0_viewA.png>
Package pdftex.def Info: subsample_0_viewA.png  used on input line 297.
(pdftex.def)             Requested size: 208.39566pt x 156.29643pt.

Package caption Warning: The option `hypcap=true' will be ignored for this
(caption)                particular \caption on input line 298.
See the caption package documentation for explanation.

<subsample_1_viewA.png, id=244, 1606.0pt x 1204.5pt>
File: subsample_1_viewA.png Graphic file (type png)
<use subsample_1_viewA.png>
Package pdftex.def Info: subsample_1_viewA.png  used on input line 302.
(pdftex.def)             Requested size: 208.39566pt x 156.29643pt.

Package caption Warning: The option `hypcap=true' will be ignored for this
(caption)                particular \caption on input line 303.
See the caption package documentation for explanation.

<subsample_2_viewA.png, id=245, 1606.0pt x 1204.5pt>
File: subsample_2_viewA.png Graphic file (type png)
<use subsample_2_viewA.png>
Package pdftex.def Info: subsample_2_viewA.png  used on input line 307.
(pdftex.def)             Requested size: 208.39566pt x 156.29643pt.

Package caption Warning: The option `hypcap=true' will be ignored for this
(caption)                particular \caption on input line 308.
See the caption package documentation for explanation.

[8 <./examplePrediction.PNG> <./2017_actual.PNG> <./subsample_0_viewA.png> <./s
ubsample_1_viewA.png>]
<subsample_3_viewA.png, id=262, 1606.0pt x 1204.5pt>
File: subsample_3_viewA.png Graphic file (type png)
<use subsample_3_viewA.png>
Package pdftex.def Info: subsample_3_viewA.png  used on input line 312.
(pdftex.def)             Requested size: 208.39566pt x 156.29643pt.


Package caption Warning: The option `hypcap=true' will be ignored for this
(caption)                particular \caption on input line 313.
See the caption package documentation for explanation.

<subsample_4_viewA.png, id=263, 1606.0pt x 1204.5pt>
File: subsample_4_viewA.png Graphic file (type png)
<use subsample_4_viewA.png>
Package pdftex.def Info: subsample_4_viewA.png  used on input line 317.
(pdftex.def)             Requested size: 208.39566pt x 156.29643pt.

Package caption Warning: The option `hypcap=true' will be ignored for this
(caption)                particular \caption on input line 318.
See the caption package documentation for explanation.

<expEpi_viewA.png, id=270, 1606.0pt x 1204.5pt>
File: expEpi_viewA.png Graphic file (type png)
<use expEpi_viewA.png>
Package pdftex.def Info: expEpi_viewA.png  used on input line 327.
(pdftex.def)             Requested size: 208.39566pt x 156.29643pt.

Package caption Warning: The option `hypcap=true' will be ignored for this
(caption)                particular \caption on input line 328.
See the caption package documentation for explanation.

LaTeX Font Info:    Try loading font information for OT1+pcr on input line 332.

("C:\Users\jonat\AppData\Local\Programs\MiKTeX 2.9\tex\latex\psnfss\ot1pcr.fd"
File: ot1pcr.fd 2001/06/04 font definitions for OT1/pcr.
)

Package multicol Warning: I moved some lines to the next page.
(multicol)                Footnotes on page 9 might be wrong on input line 344.


[9 <./subsample_2_viewA.png> <./subsample_3_viewA.png> <./subsample_4_viewA.png
> <./expEpi_viewA.png>]

Package multicol Warning: I moved some lines to the next page.
(multicol)                Footnotes on page 10 might be wrong on input line 360
.

[10]
<transitiondictionary.JPG, id=301, 480.62077pt x 270.38077pt>
File: transitiondictionary.JPG Graphic file (type jpg)
<use transitiondictionary.JPG>
Package pdftex.def Info: transitiondictionary.JPG  used on input line 367.
(pdftex.def)             Requested size: 208.39566pt x 117.2351pt.


Package caption Warning: The option `hypcap=true' will be ignored for this
(caption)                particular \caption on input line 368.
See the caption package documentation for explanation.

[11 <./transitiondictionary.JPG>] (influenzaMarkov_manuscript.bbl [12]
Missing character: There is no ‚ in font ptmr7t!
Missing character: There is no Ä in font ptmr7t!
Missing character: There is no ú in font ptmr7t!
Missing character: There is no ‚ in font ptmr7t!
Missing character: There is no Ä in font ptmr7t!
Missing character: There is no ù in font ptmr7t!
)
Package atveryend Info: Empty hook `BeforeClearDocument' on input line 390.

[13]
Package atveryend Info: Empty hook `AfterLastShipout' on input line 390.
 (influenzaMarkov_manuscript.aux)
Package atveryend Info: Executing hook `AtVeryEndDocument' on input line 390.
Package atveryend Info: Executing hook `AtEndAfterFileList' on input line 390.


Package rerunfilecheck Warning: File `influenzaMarkov_manuscript.out' has chang
ed.
(rerunfilecheck)                Rerun to get outlines right
(rerunfilecheck)                or use package `bookmark'.

Package rerunfilecheck Info: Checksums for `influenzaMarkov_manuscript.out':
(rerunfilecheck)             Before: 2F9621298733AF5B296478C84A07E231;1365
(rerunfilecheck)             After:  92F6D4778792857CB80FA4F4D7AD0E4B;1388.
 ) 
Here is how much of TeX's memory you used:
 9871 strings out of 493305
 151659 string characters out of 3129803
 349927 words of memory out of 3000000
 13140 multiletter control sequences out of 15000+200000
 22691 words of font info for 50 fonts, out of 3000000 for 9000
 1141 hyphenation exceptions out of 8191
 53i,9n,92p,1637b,473s stack positions out of 5000i,500n,10000p,200000b,50000s
{C:/Users/jonat/AppData/Local/Programs/MiKTeX 2.9/fonts/enc/dvips/base/8r.enc
}<C:/Users/jonat/AppData/Local/Programs/MiKTeX 2.9/fonts/type1/public/amsfonts/
cm/cmex10.pfb><C:/Users/jonat/AppData/Local/Programs/MiKTeX 2.9/fonts/type1/pub
lic/amsfonts/cm/cmmi10.pfb><C:/Users/jonat/AppData/Local/Programs/MiKTeX 2.9/fo
nts/type1/public/amsfonts/cm/cmmi7.pfb><C:/Users/jonat/AppData/Local/Programs/M
iKTeX 2.9/fonts/type1/public/amsfonts/cm/cmr10.pfb><C:/Users/jonat/AppData/Loca
l/Programs/MiKTeX 2.9/fonts/type1/public/amsfonts/cm/cmr7.pfb><C:/Users/jonat/A
ppData/Local/Programs/MiKTeX 2.9/fonts/type1/public/amsfonts/cm/cmsy10.pfb><C:/
Users/jonat/AppData/Local/Programs/MiKTeX 2.9/fonts/type1/public/amsfonts/cm/cm
sy7.pfb><C:/Users/jonat/AppData/Local/Programs/MiKTeX 2.9/fonts/type1/urw/couri
er/ucrr8a.pfb><C:/Users/jonat/AppData/Local/Programs/MiKTeX 2.9/fonts/type1/urw
/times/utmb8a.pfb><C:/Users/jonat/AppData/Local/Programs/MiKTeX 2.9/fonts/type1
/urw/times/utmr8a.pfb><C:/Users/jonat/AppData/Local/Programs/MiKTeX 2.9/fonts/t
ype1/urw/times/utmri8a.pfb>
Output written on influenzaMarkov_manuscript.pdf (13 pages, 2849695 bytes).
PDF statistics:
 390 PDF objects out of 1000 (max. 8388607)
 92 named destinations out of 1000 (max. 500000)
 265 words of extra memory for PDF output out of 10000 (max. 10000000)

